<?xml version="1.0" encoding="UTF-8"?>
<!-- Generated by org.testng.reporters.JUnitXMLReporter -->
<testsuite ignored="0" hostname="DESKTOP-JD4STBB" failures="0" tests="4" name="Default test" time="0.085" errors="0" timestamp="2024-09-23T14:34:38 EDT">
  <testcase classname="com.testing.PracticeTestNG" name="getSearch" time="0.02"/>
  <testcase classname="com.testing.PracticeTestNG" name="getCart" time="0.001"/>
  <testcase classname="com.testing.PracticeTestNG" name="getPay" time="0.003"/>
  <testcase classname="com.testing.PracticeTestNG" name="getLogin" time="0.003"/>
</testsuite> <!-- Default test -->
