<?xml version="1.0" encoding="UTF-8"?>
<testng-results ignored="0" total="2" passed="2" failed="0" skipped="0">
  <reporter-output>
  </reporter-output>
  <suite started-at="2024-09-24T11:58:40 EDT" name="Suite" finished-at="2024-09-24T11:58:56 EDT" duration-ms="16344">
    <groups>
    </groups>
    <test started-at="2024-09-24T11:58:40 EDT" name="Test" finished-at="2024-09-24T11:58:56 EDT" duration-ms="16344">
      <class name="com.testing.AutoExerciseLogin">
        <test-method signature="getLogin()[pri:0, instance:com.testing.AutoExerciseLogin@4149c063]" started-at="2024-09-24T11:58:40 EDT" name="getLogin" finished-at="2024-09-24T11:58:52 EDT" duration-ms="12070" status="PASS">
          <reporter-output>
          </reporter-output>
        </test-method> <!-- getLogin -->
      </class> <!-- com.testing.AutoExerciseLogin -->
      <class name="com.testing.PricticeDropDownTestNG">
        <test-method signature="getDropDown()[pri:0, instance:com.testing.PricticeDropDownTestNG@3576ddc2]" started-at="2024-09-24T11:58:40 EDT" name="getDropDown" finished-at="2024-09-24T11:58:56 EDT" duration-ms="16291" status="PASS">
          <reporter-output>
          </reporter-output>
        </test-method> <!-- getDropDown -->
      </class> <!-- com.testing.PricticeDropDownTestNG -->
    </test> <!-- Test -->
  </suite> <!-- Suite -->
</testng-results>
